<?xml version="1.0" encoding="UTF-8"?>
<!-- Generated by org.testng.reporters.JUnitXMLReporter -->
<testsuite ignored="0" hostname="HUSSEINBAKR" failures="0" tests="14" name="LoginTests" time="0.548" errors="0" timestamp="2024-11-07T17:08:47 EET">
  <testcase classname="org.GeeksApk.GeeksforGeeksApk" name="@BeforeClass setUp" time="0.508">
    <failure type="org.openqa.selenium.SessionNotCreatedException" message="Could not start a new session. Response code 400. Message: &amp;apos;automationName&amp;apos; can&amp;apos;t be blank 
Host info: host: &amp;apos;HUSSEINBAKR&amp;apos;, ip: &amp;apos;192.168.0.106&amp;apos;
Build info: version: &amp;apos;4.26.0&amp;apos;, revision: &amp;apos;8ccf0219d7&amp;apos;
System info: os.name: &amp;apos;Windows 11&amp;apos;, os.arch: &amp;apos;amd64&amp;apos;, os.version: &amp;apos;10.0&amp;apos;, java.version: &amp;apos;23.0.1&amp;apos;
Driver info: io.appium.java_client.android.AndroidDriver
Command: [null, newSession {capabilities=[Capabilities {appium:app: C:\Users\husse\Downloads\fr..., appium:deviceName: A71 الخاص بـ Hussein, appium:platformName: ANDROID, appium:platformVersion: 13.0, appium:udid: RZ8N11TVH0D, platformName: ANDROID}]}]
Capabilities {appium:app: C:\Users\husse\Downloads\fr..., appium:deviceName: A71 الخاص بـ Hussein, appium:platformName: ANDROID, appium:platformVersion: 13.0, appium:udid: RZ8N11TVH0D, platformName: ANDROID}">
        <![CDATA[org.openqa.selenium.SessionNotCreatedException: Could not start a new session. Response code 400. Message: 'automationName' can't be blank
Host info: host: 'HUSSEINBAKR', ip: '192.168.0.106'
Build info: version: '4.26.0', revision: '8ccf0219d7'
System info: os.name: 'Windows 11', os.arch: 'amd64', os.version: '10.0', java.version: '23.0.1'
Driver info: io.appium.java_client.android.AndroidDriver
Command: [null, newSession {capabilities=[Capabilities {appium:app: C:\Users\husse\Downloads\fr..., appium:deviceName: A71 الخاص بـ Hussein, appium:platformName: ANDROID, appium:platformVersion: 13.0, appium:udid: RZ8N11TVH0D, platformName: ANDROID}]}]
Capabilities {appium:app: C:\Users\husse\Downloads\fr..., appium:deviceName: A71 الخاص بـ Hussein, appium:platformName: ANDROID, appium:platformVersion: 13.0, appium:udid: RZ8N11TVH0D, platformName: ANDROID}
at org.openqa.selenium.remote.ProtocolHandshake.createSession(ProtocolHandshake.java:114)
at org.openqa.selenium.remote.ProtocolHandshake.createSession(ProtocolHandshake.java:75)
at org.openqa.selenium.remote.ProtocolHandshake.createSession(ProtocolHandshake.java:61)
at io.appium.java_client.remote.AppiumCommandExecutor.createSession(AppiumCommandExecutor.java:176)
at io.appium.java_client.remote.AppiumCommandExecutor.execute(AppiumCommandExecutor.java:237)
at org.openqa.selenium.remote.RemoteWebDriver.execute(RemoteWebDriver.java:545)
at io.appium.java_client.AppiumDriver.startSession(AppiumDriver.java:270)
at org.openqa.selenium.remote.RemoteWebDriver.<init>(RemoteWebDriver.java:174)
at io.appium.java_client.AppiumDriver.<init>(AppiumDriver.java:91)
at io.appium.java_client.AppiumDriver.<init>(AppiumDriver.java:103)
at io.appium.java_client.android.AndroidDriver.<init>(AndroidDriver.java:109)
at org.GeeksApk.GeeksforGeeksApk.setUp(GeeksforGeeksApk.java:37)
at java.base/java.util.ArrayList.forEach(ArrayList.java:1597)
at org.GeeksApk.GeeksforGeeksApk.main(GeeksforGeeksApk.java:125)
... Removed 20 stack frames]]>
    </failure>
  </testcase> <!-- @BeforeClass setUp -->
  <testcase classname="org.GeeksApk.GeeksforGeeksApk" name="@AfterClass tearDown" time="0.0">
    <skipped/>
  </testcase> <!-- @AfterClass tearDown -->
  <testcase classname="org.GeeksApk.GeeksforGeeksApk" name="validLoginTest" time="0.0">
    <skipped/>
  </testcase> <!-- validLoginTest -->
  <testcase classname="org.GeeksApk.GeeksforGeeksApk" name="validLoginTest" time="0.0">
    <skipped/>
  </testcase> <!-- validLoginTest -->
  <testcase classname="org.GeeksApk.GeeksforGeeksApk" name="validLoginTest" time="0.0">
    <skipped/>
  </testcase> <!-- validLoginTest -->
  <testcase classname="org.GeeksApk.GeeksforGeeksApk" name="validLoginTest" time="0.0">
    <skipped/>
  </testcase> <!-- validLoginTest -->
  <testcase classname="org.GeeksApk.GeeksforGeeksApk" name="validLoginTest" time="0.0">
    <skipped/>
  </testcase> <!-- validLoginTest -->
  <testcase classname="org.GeeksApk.GeeksforGeeksApk" name="validLoginTest" time="0.0">
    <skipped/>
  </testcase> <!-- validLoginTest -->
  <testcase classname="org.GeeksApk.GeeksforGeeksApk" name="validLoginTest" time="0.001">
    <skipped/>
  </testcase> <!-- validLoginTest -->
  <testcase classname="org.GeeksApk.GeeksforGeeksApk" name="invalidLoginTest" time="0.0">
    <skipped/>
  </testcase> <!-- invalidLoginTest -->
  <testcase classname="org.GeeksApk.GeeksforGeeksApk" name="invalidLoginTest" time="0.0">
    <skipped/>
  </testcase> <!-- invalidLoginTest -->
  <testcase classname="org.GeeksApk.GeeksforGeeksApk" name="invalidLoginTest" time="0.0">
    <skipped/>
  </testcase> <!-- invalidLoginTest -->
  <testcase classname="org.GeeksApk.GeeksforGeeksApk" name="invalidLoginTest" time="0.0">
    <skipped/>
  </testcase> <!-- invalidLoginTest -->
  <testcase classname="org.GeeksApk.GeeksforGeeksApk" name="invalidLoginTest" time="0.0">
    <skipped/>
  </testcase> <!-- invalidLoginTest -->
  <testcase classname="org.GeeksApk.GeeksforGeeksApk" name="invalidLoginTest" time="0.0">
    <skipped/>
  </testcase> <!-- invalidLoginTest -->
  <testcase classname="org.GeeksApk.GeeksforGeeksApk" name="invalidLoginTest" time="0.0">
    <skipped/>
  </testcase> <!-- invalidLoginTest -->
</testsuite> <!-- LoginTests -->
