<?xml version="1.0" encoding="UTF-8"?>
<testng-results ignored="0" total="2" passed="2" failed="0" skipped="0">
  <reporter-output>
  </reporter-output>
  <suite started-at="2024-11-08T02:12:53 EET" name="Command line suite" finished-at="2024-11-08T02:13:17 EET" duration-ms="24505">
    <groups>
    </groups>
    <test started-at="2024-11-08T02:12:53 EET" name="Command line test" finished-at="2024-11-08T02:13:17 EET" duration-ms="24505">
      <class name="org.GeeksApk.TestLogin">
        <test-method is-config="true" signature="setUp()[pri:0, instance:org.GeeksApk.TestLogin@1d548a08]" started-at="2024-11-08T02:12:53 EET" name="setUp" finished-at="2024-11-08T02:13:01 EET" duration-ms="8167" status="PASS">
          <reporter-output>
          </reporter-output>
        </test-method> <!-- setUp -->
        <test-method signature="invalidLoginTest()[pri:1, instance:org.GeeksApk.TestLogin@1d548a08]" started-at="2024-11-08T02:13:01 EET" name="invalidLoginTest" finished-at="2024-11-08T02:13:11 EET" duration-ms="9479" status="PASS">
          <reporter-output>
          </reporter-output>
        </test-method> <!-- invalidLoginTest -->
        <test-method is-config="true" signature="logTestResult(org.testng.ITestResult)[pri:0, instance:org.GeeksApk.TestLogin@1d548a08]" started-at="2024-11-08T02:13:11 EET" name="logTestResult" finished-at="2024-11-08T02:13:11 EET" duration-ms="3" status="PASS">
          <params>
            <param index="0">
              <value>
                <![CDATA[[TestResult name=invalidLoginTest status=SUCCESS method=TestLogin.invalidLoginTest()[pri:1, instance:org.GeeksApk.TestLogin@1d548a08] output={null}]]]>
              </value>
            </param>
          </params>
          <reporter-output>
          </reporter-output>
        </test-method> <!-- logTestResult -->
        <test-method signature="validLoginTest()[pri:2, instance:org.GeeksApk.TestLogin@1d548a08]" started-at="2024-11-08T02:13:11 EET" name="validLoginTest" finished-at="2024-11-08T02:13:17 EET" duration-ms="6268" status="PASS">
          <reporter-output>
          </reporter-output>
        </test-method> <!-- validLoginTest -->
        <test-method is-config="true" signature="logTestResult(org.testng.ITestResult)[pri:0, instance:org.GeeksApk.TestLogin@1d548a08]" started-at="2024-11-08T02:13:17 EET" name="logTestResult" finished-at="2024-11-08T02:13:17 EET" duration-ms="2" status="PASS">
          <params>
            <param index="0">
              <value>
                <![CDATA[[TestResult name=validLoginTest status=SUCCESS method=TestLogin.validLoginTest()[pri:2, instance:org.GeeksApk.TestLogin@1d548a08] output={null}]]]>
              </value>
            </param>
          </params>
          <reporter-output>
          </reporter-output>
        </test-method> <!-- logTestResult -->
        <test-method is-config="true" signature="tearDown()[pri:0, instance:org.GeeksApk.TestLogin@1d548a08]" started-at="2024-11-08T02:13:17 EET" name="tearDown" finished-at="2024-11-08T02:13:17 EET" duration-ms="540" status="PASS">
          <reporter-output>
          </reporter-output>
        </test-method> <!-- tearDown -->
      </class> <!-- org.GeeksApk.TestLogin -->
    </test> <!-- Command line test -->
  </suite> <!-- Command line suite -->
</testng-results>
